<?xml version="1.0" encoding="utf-8"?><testsuites name="pytest tests"><testsuite name="pytest" errors="0" failures="0" skipped="0" tests="8" time="1.074" timestamp="2026-04-22T23:00:35.142731+00:00" hostname="agent-env-6d5d80ca-361b-4666-afa9-953427f36405"><testcase classname="backend.tests.test_wasteland_api.TestHealthEndpoint" name="test_health_check" time="0.157" /><testcase classname="backend.tests.test_wasteland_api.TestIAPEndpoints" name="test_get_iap_products" time="0.158" /><testcase classname="backend.tests.test_wasteland_api.TestCosmeticsEndpoints" name="test_get_cosmetics_catalog" time="0.119" /><testcase classname="backend.tests.test_wasteland_api.TestCosmeticsEndpoints" name="test_get_player_data" time="0.120" /><testcase classname="backend.tests.test_wasteland_api.TestCosmeticsEndpoints" name="test_get_active_bonuses" time="0.120" /><testcase classname="backend.tests.test_wasteland_api.TestLeaderboardEndpoints" name="test_get_top_leaderboard" time="0.111" /><testcase classname="backend.tests.test_wasteland_api.TestPrestigeEndpoints" name="test_get_prestige_data" time="0.106" /><testcase classname="backend.tests.test_wasteland_api.TestPrestigeEndpoints" name="test_get_masteries" time="0.112" /></testsuite></testsuites>